make all --print-data-base --no-builtin-variables --no-builtin-rules --question
make: *** No rule to make target 'all'.  Stop.

# GNU Make 4.3
# Built for x86_64-pc-linux-gnu
# Copyright (C) 1988-2020 Free Software Foundation, Inc.
# License GPLv3+: GNU GPL version 3 or later <http://gnu.org/licenses/gpl.html>
# This is free software: you are free to change and redistribute it.
# There is NO WARRANTY, to the extent permitted by law.

# Make data base, printed on Thu Jul 21 18:34:44 2022

# Variables

# environment
GDK_BACKEND = x11
# environment
LC_ALL = C
# environment
NO_AT_BRIDGE = 1
# makefile (from '.env', line 3)
PROJECT_NAME = heroku-workflow
# makefile (from 'Makefile', line 4)
postgres_name = ${site_name}-db
# environment
VSCODE_CWD = /home/blacklacost/code/heroku-workflow
# environment
WINDOWID = 8388610
# environment
WINDOWPATH = 2
# environment
GDM_LANG = en_US.UTF-8
# default
MAKE_COMMAND := make
# automatic
@D = $(patsubst %/,%,$(dir $@))
# environment
VSCODE_HANDLES_UNCAUGHT_ERRORS = true
# default
.VARIABLES := 
# environment
PWD = /home/blacklacost/code/heroku-workflow
# automatic
%D = $(patsubst %/,%,$(dir $%))
# environment
MAIL = /var/spool/mail/blacklacost
# environment
XDG_DATA_DIRS = /home/blacklacost/.local/share/flatpak/exports/share:/var/lib/flatpak/exports/share:/usr/local/share/:/usr/share/
# environment
GIT_PS1_SHOWSTASHSTATE = 1
# environment
GIT_PS1_SHOWUNTRACKEDFILES = 1
# environment
OLDPWD = /home/blacklacost/code
# automatic
^D = $(patsubst %/,%,$(dir $^))
# automatic
%F = $(notdir $%)
# environment
ALACRITTY_SOCKET = /run/user/1000/Alacritty-:1-99911.sock
# environment
VSCODE_CODE_CACHE_PATH = /home/blacklacost/.config/Code/CachedData/b06ae3b2d2dbfe28bca3134cc6be65935cdfea6a
# environment
LANG = C
# environment
XAUTHORITY = /run/user/1000/gdm/Xauthority
# default
.LOADED := 
# default
.INCLUDE_DIRS = /usr/include /usr/local/include /usr/include
# makefile
MAKEFLAGS = pqrR
# makefile
CURDIR := /home/blacklacost/code/heroku-workflow
# environment
APPLICATION_INSIGHTS_NO_DIAGNOSTIC_CHANNEL = 1
# automatic
*D = $(patsubst %/,%,$(dir $*))
# makefile (from '.env', line 1)
PORT = 4000
# environment
MFLAGS = -pqrR
# default
.SHELLFLAGS := -c
# automatic
+D = $(patsubst %/,%,$(dir $+))
# environment
XDG_SESSION_DESKTOP = awesome
# makefile (from '.env', line 1)
MAKEFILE_LIST := Makefile .env
# automatic
@F = $(notdir $@)
# environment
FZF_ALT_C_COMMAND = fd --type d --hidden --exclude '.git'
# environment
VSCODE_PID = 100084
# environment
XDG_SESSION_TYPE = x11
# automatic
?D = $(patsubst %/,%,$(dir $?))
# environment
FZF_DEFAULT_COMMAND = rg --files --hidden --follow --glob '!{.git,node_modules,*.pyc}'
# automatic
*F = $(notdir $*)
# environment
CHROME_DESKTOP = code-url-handler.desktop
# environment
DBUS_SESSION_BUS_ADDRESS = unix:path=/run/user/1000/bus
# automatic
<D = $(patsubst %/,%,$(dir $<))
# environment
VSCODE_NLS_CONFIG = {"locale":"en-us","availableLanguages":{},"_languagePackSupport":true}
# default
MAKE_HOST := x86_64-pc-linux-gnu
# makefile
SHELL = /bin/sh
# default
MAKECMDGOALS := all
# environment
SHLVL = 2
# environment
MAKELEVEL := 0
# default
MAKE = $(MAKE_COMMAND)
# environment
PATH = /usr/local/bin:/usr/bin:/usr/local/sbin:/var/lib/flatpak/exports/bin:/usr/lib/jvm/default/bin:/usr/bin/site_perl:/usr/bin/vendor_perl:/usr/bin/core_perl
# default
MAKEFILES := 
# environment
MOTD_SHOWN = pam
# automatic
^F = $(notdir $^)
# makefile (from '.env', line 2)
PREFIX = bl
# environment
USERNAME = blacklacost
# automatic
?F = $(notdir $?)
# environment
XDG_SEAT = seat0
# environment
GIT_PS1_SHOWDIRTYSTATE = 1
# environment
ALACRITTY_LOG = /tmp/Alacritty-99911.log
# automatic
+F = $(notdir $+)
# environment
DESKTOP_SESSION = awesome
# environment
ORIGINAL_XDG_CURRENT_DESKTOP = undefined
# 'override' directive
GNUMAKEFLAGS := 
# environment
BROWSER = firefox
# environment
GIT_PS1_SHOWUPSTREAM = auto
# environment
LOGNAME = blacklacost
# environment
FZF_CTRL_T_COMMAND = rg -i --files --hidden --no-ignore-vcs --glob '!{.git,node_modules,*.pyc}'
# environment
XDG_VTNR = 2
# makefile
.DEFAULT_GOAL := create
# environment
SYSTEMD_EXEC_PID = 1368
# environment
HISTCONTROL = ignoredups:erasedups
# environment
EDITOR = nvim
# environment
DISPLAY = :1
# environment
GTK_MODULES = canberra-gtk-module
# environment
USER = blacklacost
# default
MAKE_VERSION := 4.3
# environment
_ = /usr/bin/make
# environment
XDG_RUNTIME_DIR = /run/user/1000
# environment
COLORTERM = truecolor
# environment
VISUAL = nvim
# environment
XDG_SESSION_CLASS = user
# environment
VSCODE_AMD_ENTRYPOINT = vs/workbench/api/node/extensionHostProcess
# environment
HOME = /home/blacklacost
# environment
ELECTRON_RUN_AS_NODE = 1
# environment
VSCODE_IPC_HOOK = /run/user/1000/vscode-d5223c89-1.69.1-main.sock
# environment
TERM = alacritty
# environment
XDG_SESSION_ID = 3
# default
.RECIPEPREFIX := 
# automatic
<F = $(notdir $<)
# default
SUFFIXES := 
# environment
VSCODE_CLI = 1
# environment
ELECTRON_NO_ATTACH_CONSOLE = 1
# default
.FEATURES := target-specific order-only second-expansion else-if shortest-stem undefine oneshell nocomment grouped-target extra-prereqs archives jobserver output-sync check-symlink guile load
# makefile (from 'Makefile', line 3)
site_name = ${PREFIX}-${PROJECT_NAME}
# makefile (from 'Makefile', line 2)
dir_name = $(notdir $(abspath .))
# environment
GDMSESSION = awesome
# variable set hash-table stats:
# Load=102/1024=10%, Rehash=0, Collisions=5/134=4%

# Pattern-specific Variable Values

# No pattern-specific variable values.

# Directories

# . (device 40, inode 2826987): 13 files, no impossibilities.

# 13 files, no impossibilities in 1 directories.

# Implicit Rules

# No implicit rules.

# Files

deploy: create push
#  Implicit rule search has not been done.
#  Modification time never checked.
#  File has not been updated.

redeploy: destroy deploy
#  Implicit rule search has not been done.
#  Modification time never checked.
#  File has not been updated.

# Not a target:
.env:
#  Implicit rule search has been done.
#  Last modified 2022-07-21 18:10:23.003114674
#  File has been updated.
#  Successfully updated.

# Not a target:
Makefile:
#  Implicit rule search has been done.
#  Last modified 2022-07-21 18:07:04.790204827
#  File has been updated.
#  Successfully updated.

push:
#  Implicit rule search has not been done.
#  Modification time never checked.
#  File has not been updated.
#  recipe to execute (from 'Makefile', line 10):
	git push heroku main

# Not a target:
.DEFAULT:
#  Implicit rule search has not been done.
#  Modification time never checked.
#  File has not been updated.

# Not a target:
all:
#  Command line target.
#  Implicit rule search has been done.
#  File does not exist.
#  File has not been updated.

destroy:
#  Implicit rule search has not been done.
#  Modification time never checked.
#  File has not been updated.
#  recipe to execute (from 'Makefile', line 15):
	heroku destroy ${site_name} --confirm=${site_name}

create:
#  Implicit rule search has not been done.
#  Modification time never checked.
#  File has not been updated.
#  recipe to execute (from 'Makefile', line 7):
	heroku create ${site_name} --region eu
 

# files hash-table stats:
# Load=10/1024=1%, Rehash=0, Collisions=0/25=0%
# VPATH Search Paths

# No 'vpath' search paths.

# No general ('VPATH' variable) search path.

# strcache buffers: 1 (0) / strings = 23 / storage = 205 B / avg = 8 B
# current buf: size = 8162 B / used = 205 B / count = 23 / avg = 8 B

# strcache performance: lookups = 38 / hit rate = 39%
# hash-table stats:
# Load=23/8192=0%, Rehash=0, Collisions=0/38=0%
# Finished Make data base on Thu Jul 21 18:34:44 2022

 
